Using pre-set license
Built from '2020.3/staging' branch; Version is '2020.3.18f1 (a7d1c678663c) revision 10998214'; Using compiler version '192528614'; Build Type 'Release'
OS: 'Windows 10 Home; OS build 22509.1011; Version 2009; 64bit' Language: 'nl' Physical Memory: 16258 MB
BatchMode: 1, IsHumanControllingUs: 0, StartBugReporterOnCrash: 0, Is64bit: 1, IsPro: 0

COMMAND LINE ARGUMENTS:
C:\Program Files\Unity\Hub\Editor\2020.3.18f1\Editor\Unity.exe
-adb2
-batchMode
-noUpm
-name
AssetImportWorker0
-projectPath
C:/Users/woutv/Desktop/MCT/Semester 5/Mixed Reality/Eindopdracht/Mixed_Reality
-logFile
Logs/AssetImportWorker0.log
-srvPort
56734
Successfully changed project path to: C:/Users/woutv/Desktop/MCT/Semester 5/Mixed Reality/Eindopdracht/Mixed_Reality
C:/Users/woutv/Desktop/MCT/Semester 5/Mixed Reality/Eindopdracht/Mixed_Reality
Using Asset Import Pipeline V2.
Refreshing native plugins compatible for Editor in 37.60 ms, found 2 plugins.
Preloading 0 native plugins for Editor in 0.00 ms.
Initialize engine version: 2020.3.18f1 (a7d1c678663c)
[Subsystems] Discovering subsystems at path C:/Program Files/Unity/Hub/Editor/2020.3.18f1/Editor/Data/Resources/UnitySubsystems
[Subsystems] Discovering subsystems at path C:/Users/woutv/Desktop/MCT/Semester 5/Mixed Reality/Eindopdracht/Mixed_Reality/Assets
GfxDevice: creating device client; threaded=0
Direct3D:
    Version:  Direct3D 11.0 [level 11.1]
    Renderer: NVIDIA GeForce RTX 2060 (ID=0x1f11)
    Vendor:   
    VRAM:     5980 MB
    Driver:   30.0.14.9676
Initialize mono
Mono path[0] = 'C:/Program Files/Unity/Hub/Editor/2020.3.18f1/Editor/Data/Managed'
Mono path[1] = 'C:/Program Files/Unity/Hub/Editor/2020.3.18f1/Editor/Data/MonoBleedingEdge/lib/mono/unityjit'
Mono config path = 'C:/Program Files/Unity/Hub/Editor/2020.3.18f1/Editor/Data/MonoBleedingEdge/etc'
Using monoOptions --debugger-agent=transport=dt_socket,embedding=1,server=y,suspend=n,address=127.0.0.1:56136
Begin MonoManager ReloadAssembly
Registering precompiled unity dll's ...
Register platform support module: C:/Program Files/Unity/Hub/Editor/2020.3.18f1/Editor/Data/PlaybackEngines/WindowsStandaloneSupport/UnityEditor.WindowsStandalone.Extensions.dll
Registered in 0.002413 seconds.
Native extension for WindowsStandalone target not found
Refreshing native plugins compatible for Editor in 34.49 ms, found 2 plugins.
Preloading 0 native plugins for Editor in 0.00 ms.
Mono: successfully reloaded assembly
- Completed reload, in  2.285 seconds
Domain Reload Profiling:
	ReloadAssembly (2285ms)
		BeginReloadAssembly (66ms)
			ExecutionOrderSort (0ms)
			DisableScriptedObjects (0ms)
			BackupInstance (0ms)
			ReleaseScriptingObjects (0ms)
			CreateAndSetChildDomain (1ms)
		EndReloadAssembly (479ms)
			LoadAssemblies (64ms)
			RebuildTransferFunctionScriptingTraits (0ms)
			SetupTypeCache (168ms)
			ReleaseScriptCaches (0ms)
			RebuildScriptCaches (33ms)
			SetupLoadedEditorAssemblies (168ms)
				LogAssemblyErrors (0ms)
				InitializePlatformSupportModulesInManaged (4ms)
				SetLoadedEditorAssemblies (0ms)
				RefreshPlugins (35ms)
				BeforeProcessingInitializeOnLoad (10ms)
				ProcessInitializeOnLoadAttributes (83ms)
				ProcessInitializeOnLoadMethodAttributes (36ms)
				AfterProcessingInitializeOnLoad (0ms)
				EditorAssembliesLoaded (0ms)
			ExecutionOrderSort2 (0ms)
			AwakeInstancesAfterBackupRestoration (0ms)
Platform modules already initialized, skipping
Registering precompiled user dll's ...
Registered in 0.003790 seconds.
Begin MonoManager ReloadAssembly
Native extension for WindowsStandalone target not found
Refreshing native plugins compatible for Editor in 0.38 ms, found 2 plugins.
Preloading 0 native plugins for Editor in 0.00 ms.
Mono: successfully reloaded assembly
- Completed reload, in  1.160 seconds
Domain Reload Profiling:
	ReloadAssembly (1161ms)
		BeginReloadAssembly (178ms)
			ExecutionOrderSort (0ms)
			DisableScriptedObjects (5ms)
			BackupInstance (0ms)
			ReleaseScriptingObjects (0ms)
			CreateAndSetChildDomain (21ms)
		EndReloadAssembly (915ms)
			LoadAssemblies (103ms)
			RebuildTransferFunctionScriptingTraits (0ms)
			SetupTypeCache (312ms)
			ReleaseScriptCaches (1ms)
			RebuildScriptCaches (49ms)
			SetupLoadedEditorAssemblies (352ms)
				LogAssemblyErrors (0ms)
				InitializePlatformSupportModulesInManaged (5ms)
				SetLoadedEditorAssemblies (0ms)
				RefreshPlugins (0ms)
				BeforeProcessingInitializeOnLoad (75ms)
				ProcessInitializeOnLoadAttributes (257ms)
				ProcessInitializeOnLoadMethodAttributes (5ms)
				AfterProcessingInitializeOnLoad (8ms)
				EditorAssembliesLoaded (0ms)
			ExecutionOrderSort2 (0ms)
			AwakeInstancesAfterBackupRestoration (8ms)
Platform modules already initialized, skipping
========================================================================
Worker process is ready to serve import requests
Launched and connected shader compiler UnityShaderCompiler.exe after 0.09 seconds
Refreshing native plugins compatible for Editor in 0.37 ms, found 2 plugins.
Preloading 0 native plugins for Editor in 0.00 ms.
Unloading 1792 Unused Serialized files (Serialized files now loaded: 0)
System memory in use before: 78.8 MB.
System memory in use after: 78.8 MB.

Unloading 18 unused Assets to reduce memory usage. Loaded Objects now: 2227.
Total: 3.853400 ms (FindLiveObjects: 0.171300 ms CreateObjectMapping: 0.055400 ms MarkObjects: 3.529700 ms  DeleteObjects: 0.094500 ms)

AssetImportParameters requested are different than current active one (requested -> active):
  custom:framework-win-MediaFoundation: 216162199b28c13a410421893ffa2e32 -> 
  custom:video-decoder-ogg-theora: a1e56fd34408186e4bbccfd4996cb3dc -> 
  custom:container-muxer-webm: aa71ff27fc2769a1b78a27578f13a17b -> 
  custom:container-demuxer-webm: 4f35f7cbe854078d1ac9338744f61a02 -> 
  custom:container-demuxer-ogg: 62fdf1f143b41e24485cea50d1cbac27 -> 
  custom:video-encoder-webm-vp8: eb34c28f22e8b96e1ab97ce403110664 -> 
  custom:video-decoder-webm-vp8: 9c59270c3fd7afecdb556c50c9e8de78 -> 
  custom:audio-decoder-ogg-vorbis: bf7c407c2cedff20999df2af8eb42d56 -> 
  custom:audio-encoder-webm-vorbis: bf7c407c2cedff20999df2af8eb42d56 -> 
========================================================================
Received Import Request.
  path: Assets/Fonts
  artifactKey: Guid(8958b495232007c47bc75c8a2118392b) Importer(815301076,1909f56bfc062723c751e8b465ee728b)
Start importing Assets/Fonts using Guid(8958b495232007c47bc75c8a2118392b) Importer(815301076,1909f56bfc062723c751e8b465ee728b)  -> (artifact id: '767eadbc9a881aa28de7e863fd49d1be') in 0.015587 seconds 
  Import took 0.018203 seconds .

========================================================================
Received Import Request.
  Time since last request: 1.455098 seconds.
  path: Assets/Scenes
  artifactKey: Guid(9b87a06da360f5947afc9e9700c7f1fc) Importer(815301076,1909f56bfc062723c751e8b465ee728b)
Start importing Assets/Scenes using Guid(9b87a06da360f5947afc9e9700c7f1fc) Importer(815301076,1909f56bfc062723c751e8b465ee728b)  -> (artifact id: 'a3a1d30541badbaec452233cb90f16e7') in 0.017910 seconds 
  Import took 0.022375 seconds .

========================================================================
Received Import Request.
  Time since last request: 0.000403 seconds.
  path: Assets/Scenes
  artifactKey: Guid(9b87a06da360f5947afc9e9700c7f1fc) Importer(815301076,1909f56bfc062723c751e8b465ee728b)
Start importing Assets/Scenes using Guid(9b87a06da360f5947afc9e9700c7f1fc) Importer(815301076,1909f56bfc062723c751e8b465ee728b)  -> (artifact id: 'a3a1d30541badbaec452233cb90f16e7') in 0.009605 seconds 
  Import took 0.013499 seconds .

========================================================================
Received Prepare
Refreshing native plugins compatible for Editor in 5.21 ms, found 2 plugins.
Preloading 0 native plugins for Editor in 0.00 ms.
Unloading 10 Unused Serialized files (Serialized files now loaded: 0)
System memory in use before: 42.5 MB.
System memory in use after: 42.6 MB.

Unloading 9 unused Assets to reduce memory usage. Loaded Objects now: 2228.
Total: 8.951200 ms (FindLiveObjects: 0.311800 ms CreateObjectMapping: 0.150800 ms MarkObjects: 8.464900 ms  DeleteObjects: 0.021700 ms)

AssetImportParameters requested are different than current active one (requested -> active):
  custom:framework-win-MediaFoundation: 216162199b28c13a410421893ffa2e32 -> 
  custom:video-decoder-ogg-theora: a1e56fd34408186e4bbccfd4996cb3dc -> 
  custom:container-muxer-webm: aa71ff27fc2769a1b78a27578f13a17b -> 
  custom:container-demuxer-webm: 4f35f7cbe854078d1ac9338744f61a02 -> 
  custom:container-demuxer-ogg: 62fdf1f143b41e24485cea50d1cbac27 -> 
  custom:video-encoder-webm-vp8: eb34c28f22e8b96e1ab97ce403110664 -> 
  custom:video-decoder-webm-vp8: 9c59270c3fd7afecdb556c50c9e8de78 -> 
  custom:audio-decoder-ogg-vorbis: bf7c407c2cedff20999df2af8eb42d56 -> 
  custom:audio-encoder-webm-vorbis: bf7c407c2cedff20999df2af8eb42d56 -> 
========================================================================
Received Import Request.
  Time since last request: 219.651326 seconds.
  path: Assets/Scenes/Onboarding_Screen1.unity
  artifactKey: Guid(9cc7676559130d54697baf424d313f48) Importer(815301076,1909f56bfc062723c751e8b465ee728b)
Start importing Assets/Scenes/Onboarding_Screen1.unity using Guid(9cc7676559130d54697baf424d313f48) Importer(815301076,1909f56bfc062723c751e8b465ee728b)  -> (artifact id: '3b4ef9f42a7e11ebc5a3f0e3e4916994') in 0.023503 seconds 
  Import took 0.026581 seconds .

========================================================================
Received Import Request.
  Time since last request: 39.716696 seconds.
  path: Assets/Scenes/Onboarding_Screen2.unity
  artifactKey: Guid(f7b0c720f414cf04cac454f7a93ef52d) Importer(815301076,1909f56bfc062723c751e8b465ee728b)
Start importing Assets/Scenes/Onboarding_Screen2.unity using Guid(f7b0c720f414cf04cac454f7a93ef52d) Importer(815301076,1909f56bfc062723c751e8b465ee728b)  -> (artifact id: 'dd88bb01a3b16aec0b69616da9768b16') in 0.012661 seconds 
  Import took 0.015430 seconds .

========================================================================
Received Import Request.
  Time since last request: 6.343312 seconds.
  path: Assets/Scenes/Onboarding_Screen3.unity
  artifactKey: Guid(61d464693b22e9e4e9bc0a9bc6745307) Importer(815301076,1909f56bfc062723c751e8b465ee728b)
Start importing Assets/Scenes/Onboarding_Screen3.unity using Guid(61d464693b22e9e4e9bc0a9bc6745307) Importer(815301076,1909f56bfc062723c751e8b465ee728b)  -> (artifact id: '1d9c7f7b0c14978ba014cd316c0b6600') in 0.010624 seconds 
  Import took 0.014276 seconds .

========================================================================
Received Import Request.
  Time since last request: 0.000595 seconds.
  path: Assets/Scenes/Onboarding_Screen3.unity
  artifactKey: Guid(61d464693b22e9e4e9bc0a9bc6745307) Importer(815301076,1909f56bfc062723c751e8b465ee728b)
Start importing Assets/Scenes/Onboarding_Screen3.unity using Guid(61d464693b22e9e4e9bc0a9bc6745307) Importer(815301076,1909f56bfc062723c751e8b465ee728b)  -> (artifact id: '1d9c7f7b0c14978ba014cd316c0b6600') in 0.009466 seconds 
  Import took 0.012337 seconds .

========================================================================
Received Import Request.
  Time since last request: 3.067959 seconds.
  path: Assets/Scenes/OrderedPage.unity
  artifactKey: Guid(15e4214c6b5392e4197ddef86338c4e9) Importer(815301076,1909f56bfc062723c751e8b465ee728b)
Start importing Assets/Scenes/OrderedPage.unity using Guid(15e4214c6b5392e4197ddef86338c4e9) Importer(815301076,1909f56bfc062723c751e8b465ee728b)  -> (artifact id: '0b503b33df998651cb2d23d0a1a55eb7') in 0.013118 seconds 
  Import took 0.015932 seconds .

========================================================================
Received Import Request.
  Time since last request: 0.732932 seconds.
  path: Assets/Scenes/Onboarding_Screen2.unity
  artifactKey: Guid(f7b0c720f414cf04cac454f7a93ef52d) Importer(815301076,1909f56bfc062723c751e8b465ee728b)
Start importing Assets/Scenes/Onboarding_Screen2.unity using Guid(f7b0c720f414cf04cac454f7a93ef52d) Importer(815301076,1909f56bfc062723c751e8b465ee728b)  -> (artifact id: 'e63340c837acbc06d686f4537fdd1caf') in 0.009062 seconds 
  Import took 0.012475 seconds .

========================================================================
Received Import Request.
  Time since last request: 0.001079 seconds.
  path: Assets/Scenes/Onboarding_Screen2.unity
  artifactKey: Guid(f7b0c720f414cf04cac454f7a93ef52d) Importer(815301076,1909f56bfc062723c751e8b465ee728b)
Start importing Assets/Scenes/Onboarding_Screen2.unity using Guid(f7b0c720f414cf04cac454f7a93ef52d) Importer(815301076,1909f56bfc062723c751e8b465ee728b)  -> (artifact id: 'e63340c837acbc06d686f4537fdd1caf') in 0.008615 seconds 
  Import took 0.011303 seconds .

========================================================================
Received Import Request.
  Time since last request: 0.940492 seconds.
  path: Assets/Scenes/Onboarding_Screen1.unity
  artifactKey: Guid(9cc7676559130d54697baf424d313f48) Importer(815301076,1909f56bfc062723c751e8b465ee728b)
Start importing Assets/Scenes/Onboarding_Screen1.unity using Guid(9cc7676559130d54697baf424d313f48) Importer(815301076,1909f56bfc062723c751e8b465ee728b)  -> (artifact id: '413005829717074356e019b68bae4bb1') in 0.008457 seconds 
  Import took 0.011314 seconds .

========================================================================
Received Import Request.
  Time since last request: 0.000651 seconds.
  path: Assets/Scenes/Onboarding_Screen1.unity
  artifactKey: Guid(9cc7676559130d54697baf424d313f48) Importer(815301076,1909f56bfc062723c751e8b465ee728b)
Start importing Assets/Scenes/Onboarding_Screen1.unity using Guid(9cc7676559130d54697baf424d313f48) Importer(815301076,1909f56bfc062723c751e8b465ee728b)  -> (artifact id: '413005829717074356e019b68bae4bb1') in 0.008160 seconds 
  Import took 0.011058 seconds .

========================================================================
Received Import Request.
  Time since last request: 9.815882 seconds.
  path: Assets/Images
  artifactKey: Guid(106fe495a1153d7418894feaa86d7e2f) Importer(815301076,1909f56bfc062723c751e8b465ee728b)
Start importing Assets/Images using Guid(106fe495a1153d7418894feaa86d7e2f) Importer(815301076,1909f56bfc062723c751e8b465ee728b)  -> (artifact id: '84600c516a6270e8de1a84f970c8d47e') in 0.009869 seconds 
  Import took 0.012593 seconds .

========================================================================
Received Import Request.
  Time since last request: 192.612274 seconds.
  path: Assets/Fonts/Montserrat-Bold.ttf
  artifactKey: Guid(ad6edc8bc563e5f4389acb873ce9d66a) Importer(815301076,1909f56bfc062723c751e8b465ee728b)
Start importing Assets/Fonts/Montserrat-Bold.ttf using Guid(ad6edc8bc563e5f4389acb873ce9d66a) Importer(815301076,1909f56bfc062723c751e8b465ee728b)  -> (artifact id: '26e75e5809ecb754b4ac4bf1ac029af0') in 0.161888 seconds 
  Import took 0.165750 seconds .

========================================================================
Received Import Request.
  Time since last request: 12.786401 seconds.
  path: Assets/Fonts/Montserrat-Bold SDF.asset
  artifactKey: Guid(e6af41500934f484eb1328cbfac5bbb8) Importer(815301076,1909f56bfc062723c751e8b465ee728b)
Start importing Assets/Fonts/Montserrat-Bold SDF.asset using Guid(e6af41500934f484eb1328cbfac5bbb8) Importer(815301076,1909f56bfc062723c751e8b465ee728b) UnassignedReferenceException: The variable material of TMP_FontAsset has not been assigned.
You probably need to assign the material variable of the TMP_FontAsset script in the inspector.
  at (wrapper managed-to-native) UnityEngine.Material.HasProperty(UnityEngine.Material,int)
  at TMPro.TMP_FontAsset.ReadFontAssetDefinition () [0x0008f] in C:\Users\Glenn\Documents\MCT_3\MixedReality\New Unity Project\Library\PackageCache\com.unity.textmeshpro@3.0.6\Scripts\Runtime\TMP_FontAsset.cs:588 
  at TMPro.TMP_FontAsset.OnValidate () [0x00010] in C:\Users\Glenn\Documents\MCT_3\MixedReality\New Unity Project\Library\PackageCache\com.unity.textmeshpro@3.0.6\Scripts\Runtime\TMP_FontAsset.cs:555 

(Filename: C:/Users/Glenn/Documents/MCT_3/MixedReality/New Unity Project/Library/PackageCache/com.unity.textmeshpro@3.0.6/Scripts/Runtime/TMP_FontAsset.cs Line: 588)

 -> (artifact id: '6f4ca68411345888a648e20f3110ec08') in 0.045719 seconds 
  Import took 0.049039 seconds .

========================================================================
Received Import Request.
  Time since last request: 113.477044 seconds.
  path: Assets/Scenes/Onboarding_Screen2.unity
  artifactKey: Guid(f7b0c720f414cf04cac454f7a93ef52d) Importer(815301076,1909f56bfc062723c751e8b465ee728b)
Start importing Assets/Scenes/Onboarding_Screen2.unity using Guid(f7b0c720f414cf04cac454f7a93ef52d) Importer(815301076,1909f56bfc062723c751e8b465ee728b)  -> (artifact id: 'e2534c53a53584f9116f1bd0263c988c') in 0.014743 seconds 
  Import took 0.020831 seconds .

========================================================================
Received Import Request.
  Time since last request: 39.461261 seconds.
  path: Assets/Scenes/Onboarding_Screen2.unity
  artifactKey: Guid(f7b0c720f414cf04cac454f7a93ef52d) Importer(815301076,1909f56bfc062723c751e8b465ee728b)
Start importing Assets/Scenes/Onboarding_Screen2.unity using Guid(f7b0c720f414cf04cac454f7a93ef52d) Importer(815301076,1909f56bfc062723c751e8b465ee728b)  -> (artifact id: '9c3361846d4113c7fc54a25ec76e3314') in 0.007861 seconds 
  Import took 0.011499 seconds .

========================================================================
Received Import Request.
  Time since last request: 0.000637 seconds.
  path: Assets/Scenes/Onboarding_Screen2.unity
  artifactKey: Guid(f7b0c720f414cf04cac454f7a93ef52d) Importer(815301076,1909f56bfc062723c751e8b465ee728b)
Start importing Assets/Scenes/Onboarding_Screen2.unity using Guid(f7b0c720f414cf04cac454f7a93ef52d) Importer(815301076,1909f56bfc062723c751e8b465ee728b)  -> (artifact id: '9c3361846d4113c7fc54a25ec76e3314') in 0.007854 seconds 
  Import took 0.011015 seconds .

========================================================================
Received Import Request.
  Time since last request: 141.356581 seconds.
  path: Assets/Scenes/Onboarding_Screen1.unity
  artifactKey: Guid(9cc7676559130d54697baf424d313f48) Importer(815301076,1909f56bfc062723c751e8b465ee728b)
Start importing Assets/Scenes/Onboarding_Screen1.unity using Guid(9cc7676559130d54697baf424d313f48) Importer(815301076,1909f56bfc062723c751e8b465ee728b)  -> (artifact id: '31aa751e4e91570d1beb7f134b4c3f2e') in 0.008714 seconds 
  Import took 0.012028 seconds .

========================================================================
Received Import Request.
  Time since last request: 0.001068 seconds.
  path: Assets/Scenes/Onboarding_Screen1.unity
  artifactKey: Guid(9cc7676559130d54697baf424d313f48) Importer(815301076,1909f56bfc062723c751e8b465ee728b)
Start importing Assets/Scenes/Onboarding_Screen1.unity using Guid(9cc7676559130d54697baf424d313f48) Importer(815301076,1909f56bfc062723c751e8b465ee728b)  -> (artifact id: '31aa751e4e91570d1beb7f134b4c3f2e') in 0.008082 seconds 
  Import took 0.010943 seconds .

========================================================================
Received Import Request.
  Time since last request: 102.718505 seconds.
  path: Assets/Fonts/Montserrat-Bold SDF.asset
  artifactKey: Guid(e6af41500934f484eb1328cbfac5bbb8) Importer(815301076,1909f56bfc062723c751e8b465ee728b)
Start importing Assets/Fonts/Montserrat-Bold SDF.asset using Guid(e6af41500934f484eb1328cbfac5bbb8) Importer(815301076,1909f56bfc062723c751e8b465ee728b)  -> (artifact id: '9575e5a3513d5faeb5fe9c84c82fd0ff') in 0.017563 seconds 
  Import took 0.021316 seconds .

========================================================================
Received Import Request.
  Time since last request: 2.320085 seconds.
  path: Assets/Fonts/Roboto-Medium.ttf
  artifactKey: Guid(213bdd155e61a1543b13fb6a9879c955) Importer(815301076,1909f56bfc062723c751e8b465ee728b)
Start importing Assets/Fonts/Roboto-Medium.ttf using Guid(213bdd155e61a1543b13fb6a9879c955) Importer(815301076,1909f56bfc062723c751e8b465ee728b)  -> (artifact id: '3c1e26299ebd5e53a971e9705fb1dff1') in 0.024423 seconds 
  Import took 0.028210 seconds .

========================================================================
Received Import Request.
  Time since last request: 6.650389 seconds.
  path: Assets/Fonts/Roboto-Medium SDF.asset
  artifactKey: Guid(6b5af090274ec524bb8e489faf1548bb) Importer(815301076,1909f56bfc062723c751e8b465ee728b)
Start importing Assets/Fonts/Roboto-Medium SDF.asset using Guid(6b5af090274ec524bb8e489faf1548bb) Importer(815301076,1909f56bfc062723c751e8b465ee728b) UnassignedReferenceException: The variable material of TMP_FontAsset has not been assigned.
You probably need to assign the material variable of the TMP_FontAsset script in the inspector.
  at (wrapper managed-to-native) UnityEngine.Material.HasProperty(UnityEngine.Material,int)
  at TMPro.TMP_FontAsset.ReadFontAssetDefinition () [0x0008f] in C:\Users\Glenn\Documents\MCT_3\MixedReality\New Unity Project\Library\PackageCache\com.unity.textmeshpro@3.0.6\Scripts\Runtime\TMP_FontAsset.cs:588 
  at TMPro.TMP_FontAsset.OnValidate () [0x00010] in C:\Users\Glenn\Documents\MCT_3\MixedReality\New Unity Project\Library\PackageCache\com.unity.textmeshpro@3.0.6\Scripts\Runtime\TMP_FontAsset.cs:555 

(Filename: C:/Users/Glenn/Documents/MCT_3/MixedReality/New Unity Project/Library/PackageCache/com.unity.textmeshpro@3.0.6/Scripts/Runtime/TMP_FontAsset.cs Line: 588)

 -> (artifact id: '7573f156e8f3676c6ba4aab28b0aa7c4') in 0.013545 seconds 
  Import took 0.016930 seconds .

========================================================================
Received Import Request.
  Time since last request: 42.364641 seconds.
  path: Assets/Pizzas/Hawai.fbx
  artifactKey: Guid(a3b34910c339d7f47a4587c580a383b6) Importer(815301076,1909f56bfc062723c751e8b465ee728b)
Start importing Assets/Pizzas/Hawai.fbx using Guid(a3b34910c339d7f47a4587c580a383b6) Importer(815301076,1909f56bfc062723c751e8b465ee728b)  -> (artifact id: '224938d70d207834f3546c84ccfdd54f') in 0.194056 seconds 
  Import took 0.197220 seconds .

========================================================================
Received Import Request.
  Time since last request: 0.000255 seconds.
  path: Assets/Pizzas/Cheese & Ham.fbx
  artifactKey: Guid(f54031a983bdded4db652fe4d8f6181d) Importer(815301076,1909f56bfc062723c751e8b465ee728b)
Start importing Assets/Pizzas/Cheese & Ham.fbx using Guid(f54031a983bdded4db652fe4d8f6181d) Importer(815301076,1909f56bfc062723c751e8b465ee728b)  -> (artifact id: '18d7e6f67991d68b945446a9a2ae3d72') in 0.062415 seconds 
  Import took 0.065304 seconds .

========================================================================
Received Import Request.
  Time since last request: 0.000204 seconds.
  path: Assets/Pizzas/Hawai.fbx
  artifactKey: Guid(a3b34910c339d7f47a4587c580a383b6) Importer(815301076,1909f56bfc062723c751e8b465ee728b)
Start importing Assets/Pizzas/Hawai.fbx using Guid(a3b34910c339d7f47a4587c580a383b6) Importer(815301076,1909f56bfc062723c751e8b465ee728b)  -> (artifact id: '224938d70d207834f3546c84ccfdd54f') in 0.069435 seconds 
  Import took 0.072949 seconds .

========================================================================
Received Import Request.
  Time since last request: 0.000185 seconds.
  path: Assets/Pizzas/Margherita.fbx
  artifactKey: Guid(7c63acd09e67b0a4382b63938592e984) Importer(815301076,1909f56bfc062723c751e8b465ee728b)
Start importing Assets/Pizzas/Margherita.fbx using Guid(7c63acd09e67b0a4382b63938592e984) Importer(815301076,1909f56bfc062723c751e8b465ee728b)  -> (artifact id: 'a90f0ce91db21c19937d5e781049fecd') in 0.048579 seconds 
  Import took 0.051781 seconds .

========================================================================
Received Import Request.
  Time since last request: 0.000194 seconds.
  path: Assets/Pizzas/Pepperoni.fbx
  artifactKey: Guid(f3d5668d5a7cba548917f0a515f4d354) Importer(815301076,1909f56bfc062723c751e8b465ee728b)
Start importing Assets/Pizzas/Pepperoni.fbx using Guid(f3d5668d5a7cba548917f0a515f4d354) Importer(815301076,1909f56bfc062723c751e8b465ee728b)  -> (artifact id: 'a0bd9dce966073826e670861d17d73d1') in 0.059977 seconds 
  Import took 0.064750 seconds .

========================================================================
Received Import Request.
  Time since last request: 0.000184 seconds.
  path: Assets/Pizzas/Barbecue.fbx
  artifactKey: Guid(78aa33e05b624c042a9174790723a096) Importer(815301076,1909f56bfc062723c751e8b465ee728b)
Start importing Assets/Pizzas/Barbecue.fbx using Guid(78aa33e05b624c042a9174790723a096) Importer(815301076,1909f56bfc062723c751e8b465ee728b)  -> (artifact id: '90c5752b5b717f988d68e7ea0b592712') in 0.059848 seconds 
  Import took 0.063632 seconds .

========================================================================
Received Import Request.
  Time since last request: 0.000175 seconds.
  path: Assets/Pizzas/Pepperoni.fbx
  artifactKey: Guid(f3d5668d5a7cba548917f0a515f4d354) Importer(815301076,1909f56bfc062723c751e8b465ee728b)
Start importing Assets/Pizzas/Pepperoni.fbx using Guid(f3d5668d5a7cba548917f0a515f4d354) Importer(815301076,1909f56bfc062723c751e8b465ee728b)  -> (artifact id: 'a0bd9dce966073826e670861d17d73d1') in 0.062953 seconds 
  Import took 0.066264 seconds .

========================================================================
Received Import Request.
  Time since last request: 0.000202 seconds.
  path: Assets/Pizzas/Barbecue.fbx
  artifactKey: Guid(78aa33e05b624c042a9174790723a096) Importer(815301076,1909f56bfc062723c751e8b465ee728b)
Start importing Assets/Pizzas/Barbecue.fbx using Guid(78aa33e05b624c042a9174790723a096) Importer(815301076,1909f56bfc062723c751e8b465ee728b)  -> (artifact id: '90c5752b5b717f988d68e7ea0b592712') in 0.048155 seconds 
  Import took 0.051568 seconds .

========================================================================
Received Import Request.
  Time since last request: 511.696037 seconds.
  path: Assets/Scenes/Onboarding_Screen1.unity
  artifactKey: Guid(9cc7676559130d54697baf424d313f48) Importer(815301076,1909f56bfc062723c751e8b465ee728b)
Start importing Assets/Scenes/Onboarding_Screen1.unity using Guid(9cc7676559130d54697baf424d313f48) Importer(815301076,1909f56bfc062723c751e8b465ee728b)  -> (artifact id: '89de43b576515343362971097b580ffa') in 0.008147 seconds 
  Import took 0.011905 seconds .

========================================================================
Received Import Request.
  Time since last request: 0.000628 seconds.
  path: Assets/Scenes/Onboarding_Screen1.unity
  artifactKey: Guid(9cc7676559130d54697baf424d313f48) Importer(815301076,1909f56bfc062723c751e8b465ee728b)
Start importing Assets/Scenes/Onboarding_Screen1.unity using Guid(9cc7676559130d54697baf424d313f48) Importer(815301076,1909f56bfc062723c751e8b465ee728b)  -> (artifact id: '89de43b576515343362971097b580ffa') in 0.010016 seconds 
  Import took 0.013033 seconds .

========================================================================
Received Import Request.
  Time since last request: 3.632476 seconds.
  path: Assets/Scenes/Onboarding_Screen3.unity
  artifactKey: Guid(61d464693b22e9e4e9bc0a9bc6745307) Importer(815301076,1909f56bfc062723c751e8b465ee728b)
Start importing Assets/Scenes/Onboarding_Screen3.unity using Guid(61d464693b22e9e4e9bc0a9bc6745307) Importer(815301076,1909f56bfc062723c751e8b465ee728b)  -> (artifact id: 'ba60f11cbe1bf49fd060dbb4af8489a2') in 0.008396 seconds 
  Import took 0.011610 seconds .

========================================================================
Received Import Request.
  Time since last request: 0.000568 seconds.
  path: Assets/Scenes/Onboarding_Screen3.unity
  artifactKey: Guid(61d464693b22e9e4e9bc0a9bc6745307) Importer(815301076,1909f56bfc062723c751e8b465ee728b)
Start importing Assets/Scenes/Onboarding_Screen3.unity using Guid(61d464693b22e9e4e9bc0a9bc6745307) Importer(815301076,1909f56bfc062723c751e8b465ee728b)  -> (artifact id: 'ba60f11cbe1bf49fd060dbb4af8489a2') in 0.008280 seconds 
  Import took 0.010994 seconds .

========================================================================
Received Import Request.
  Time since last request: 128.233478 seconds.
  path: Assets/Scenes/Onboarding_Screen1.unity
  artifactKey: Guid(9cc7676559130d54697baf424d313f48) Importer(815301076,1909f56bfc062723c751e8b465ee728b)
Start importing Assets/Scenes/Onboarding_Screen1.unity using Guid(9cc7676559130d54697baf424d313f48) Importer(815301076,1909f56bfc062723c751e8b465ee728b)  -> (artifact id: '94ddc6a2ce829f7c34c4fe996b4f4366') in 0.012478 seconds 
  Import took 0.018142 seconds .

========================================================================
Received Import Request.
  Time since last request: 0.001548 seconds.
  path: Assets/Scenes/Onboarding_Screen1.unity
  artifactKey: Guid(9cc7676559130d54697baf424d313f48) Importer(815301076,1909f56bfc062723c751e8b465ee728b)
Start importing Assets/Scenes/Onboarding_Screen1.unity using Guid(9cc7676559130d54697baf424d313f48) Importer(815301076,1909f56bfc062723c751e8b465ee728b)  -> (artifact id: '94ddc6a2ce829f7c34c4fe996b4f4366') in 0.011186 seconds 
  Import took 0.015168 seconds .

========================================================================
Received Import Request.
  Time since last request: 2.537703 seconds.
  path: Assets/Scenes/Onboarding_Screen2.unity
  artifactKey: Guid(f7b0c720f414cf04cac454f7a93ef52d) Importer(815301076,1909f56bfc062723c751e8b465ee728b)
Start importing Assets/Scenes/Onboarding_Screen2.unity using Guid(f7b0c720f414cf04cac454f7a93ef52d) Importer(815301076,1909f56bfc062723c751e8b465ee728b)  -> (artifact id: '43357882b11fc2084b5cd51faa7d65bc') in 0.008010 seconds 
  Import took 0.011423 seconds .

========================================================================
Received Import Request.
  Time since last request: 41.375555 seconds.
  path: Assets/Scenes/Onboarding_Screen2.unity
  artifactKey: Guid(f7b0c720f414cf04cac454f7a93ef52d) Importer(815301076,1909f56bfc062723c751e8b465ee728b)
Start importing Assets/Scenes/Onboarding_Screen2.unity using Guid(f7b0c720f414cf04cac454f7a93ef52d) Importer(815301076,1909f56bfc062723c751e8b465ee728b)  -> (artifact id: 'daadcffc47f3ddcb872b9e6260f20fa6') in 0.008698 seconds 
  Import took 0.014085 seconds .

========================================================================
Received Import Request.
  Time since last request: 67.093035 seconds.
  path: Assets/Scenes/Onboarding_Screen2.unity
  artifactKey: Guid(f7b0c720f414cf04cac454f7a93ef52d) Importer(815301076,1909f56bfc062723c751e8b465ee728b)
Start importing Assets/Scenes/Onboarding_Screen2.unity using Guid(f7b0c720f414cf04cac454f7a93ef52d) Importer(815301076,1909f56bfc062723c751e8b465ee728b)  -> (artifact id: '80ed652356f760f40468b4bf5bbd1230') in 0.010088 seconds 
  Import took 0.013982 seconds .

========================================================================
Received Import Request.
  Time since last request: 6.772910 seconds.
  path: Assets/Scenes/Onboarding_Screen3.unity
  artifactKey: Guid(61d464693b22e9e4e9bc0a9bc6745307) Importer(815301076,1909f56bfc062723c751e8b465ee728b)
Start importing Assets/Scenes/Onboarding_Screen3.unity using Guid(61d464693b22e9e4e9bc0a9bc6745307) Importer(815301076,1909f56bfc062723c751e8b465ee728b)  -> (artifact id: 'f7e18a361e7ee74c2d650a8cfa8dac08') in 0.009804 seconds 
  Import took 0.012837 seconds .

========================================================================
Received Import Request.
  Time since last request: 1.029788 seconds.
  path: Assets/Scenes/Onboarding_Screen2.unity
  artifactKey: Guid(f7b0c720f414cf04cac454f7a93ef52d) Importer(815301076,1909f56bfc062723c751e8b465ee728b)
Start importing Assets/Scenes/Onboarding_Screen2.unity using Guid(f7b0c720f414cf04cac454f7a93ef52d) Importer(815301076,1909f56bfc062723c751e8b465ee728b)  -> (artifact id: '369431cfdcdddf13d5cc837bdccda453') in 0.008561 seconds 
  Import took 0.012996 seconds .

========================================================================
Received Import Request.
  Time since last request: 44.069444 seconds.
  path: Assets/Fonts/Roboto-Medium SDF.asset
  artifactKey: Guid(6b5af090274ec524bb8e489faf1548bb) Importer(815301076,1909f56bfc062723c751e8b465ee728b)
Start importing Assets/Fonts/Roboto-Medium SDF.asset using Guid(6b5af090274ec524bb8e489faf1548bb) Importer(815301076,1909f56bfc062723c751e8b465ee728b)  -> (artifact id: '751199f0e8a3c684167c4451d12adc74') in 0.027117 seconds 
  Import took 0.031294 seconds .

========================================================================
Received Import Request.
  Time since last request: 6.837497 seconds.
  path: Assets/Fonts/Roboto-Regular.ttf
  artifactKey: Guid(9db96abc2c08e9a428a567d3b52f9b59) Importer(815301076,1909f56bfc062723c751e8b465ee728b)
Start importing Assets/Fonts/Roboto-Regular.ttf using Guid(9db96abc2c08e9a428a567d3b52f9b59) Importer(815301076,1909f56bfc062723c751e8b465ee728b)  -> (artifact id: 'a23b28d97c0dcac6fd8543faf439d3ee') in 0.035121 seconds 
  Import took 0.038699 seconds .

========================================================================
Received Import Request.
  Time since last request: 0.002378 seconds.
  path: Assets/Fonts/Roboto-Regular.ttf
  artifactKey: Guid(9db96abc2c08e9a428a567d3b52f9b59) Importer(815301076,1909f56bfc062723c751e8b465ee728b)
Start importing Assets/Fonts/Roboto-Regular.ttf using Guid(9db96abc2c08e9a428a567d3b52f9b59) Importer(815301076,1909f56bfc062723c751e8b465ee728b)  -> (artifact id: 'a23b28d97c0dcac6fd8543faf439d3ee') in 0.024833 seconds 
  Import took 0.027896 seconds .

========================================================================
Received Import Request.
  Time since last request: 8.952732 seconds.
  path: Assets/Fonts/Roboto-Regular SDF.asset
  artifactKey: Guid(f19816bd809f35d41ac837a80f8c87ce) Importer(815301076,1909f56bfc062723c751e8b465ee728b)
Start importing Assets/Fonts/Roboto-Regular SDF.asset using Guid(f19816bd809f35d41ac837a80f8c87ce) Importer(815301076,1909f56bfc062723c751e8b465ee728b) UnassignedReferenceException: The variable material of TMP_FontAsset has not been assigned.
You probably need to assign the material variable of the TMP_FontAsset script in the inspector.
  at (wrapper managed-to-native) UnityEngine.Material.HasProperty(UnityEngine.Material,int)
  at TMPro.TMP_FontAsset.ReadFontAssetDefinition () [0x0008f] in C:\Users\Glenn\Documents\MCT_3\MixedReality\New Unity Project\Library\PackageCache\com.unity.textmeshpro@3.0.6\Scripts\Runtime\TMP_FontAsset.cs:588 
  at TMPro.TMP_FontAsset.OnValidate () [0x00010] in C:\Users\Glenn\Documents\MCT_3\MixedReality\New Unity Project\Library\PackageCache\com.unity.textmeshpro@3.0.6\Scripts\Runtime\TMP_FontAsset.cs:555 

(Filename: C:/Users/Glenn/Documents/MCT_3/MixedReality/New Unity Project/Library/PackageCache/com.unity.textmeshpro@3.0.6/Scripts/Runtime/TMP_FontAsset.cs Line: 588)

 -> (artifact id: 'f5fc64cf94ccfe067550301849e2a449') in 0.019532 seconds 
  Import took 0.022279 seconds .

========================================================================
Received Import Request.
  Time since last request: 48.130716 seconds.
  path: Assets/Images/arrow-rightt.png
  artifactKey: Guid(5c1d00ba9a6ab8746aef2697d679163a) Importer(815301076,1909f56bfc062723c751e8b465ee728b)
Start importing Assets/Images/arrow-rightt.png using Guid(5c1d00ba9a6ab8746aef2697d679163a) Importer(815301076,1909f56bfc062723c751e8b465ee728b)  -> (artifact id: '19e8b17e54f6acdfaceb08256ec437cd') in 0.066848 seconds 
  Import took 0.069922 seconds .

========================================================================
Received Import Request.
  Time since last request: 0.000354 seconds.
  path: Assets/Images/Icon metro-arrow-left.png
  artifactKey: Guid(1466a397e10d29045b92832165832b35) Importer(815301076,1909f56bfc062723c751e8b465ee728b)
Start importing Assets/Images/Icon metro-arrow-left.png using Guid(1466a397e10d29045b92832165832b35) Importer(815301076,1909f56bfc062723c751e8b465ee728b)  -> (artifact id: '958704216267082e8cf9d8c533da0e11') in 0.032470 seconds 
  Import took 0.035613 seconds .

========================================================================
Received Import Request.
  Time since last request: 0.000409 seconds.
  path: Assets/Images/RoundedRectange.png
  artifactKey: Guid(2dacf1f8965f15442b5e59c19393f1b5) Importer(815301076,1909f56bfc062723c751e8b465ee728b)
Start importing Assets/Images/RoundedRectange.png using Guid(2dacf1f8965f15442b5e59c19393f1b5) Importer(815301076,1909f56bfc062723c751e8b465ee728b)  -> (artifact id: '63b637855aef9ef0c7a4350d78b79f4e') in 0.032544 seconds 
  Import took 0.037540 seconds .

========================================================================
Received Import Request.
  Time since last request: 0.000315 seconds.
  path: Assets/Images/loader.png
  artifactKey: Guid(c845be52fa4f0ff489af57f1bf9b0028) Importer(815301076,1909f56bfc062723c751e8b465ee728b)
Start importing Assets/Images/loader.png using Guid(c845be52fa4f0ff489af57f1bf9b0028) Importer(815301076,1909f56bfc062723c751e8b465ee728b)  -> (artifact id: '6e421bab768d2fd60f95e923b07957e6') in 0.044348 seconds 
  Import took 0.049608 seconds .

========================================================================
Received Import Request.
  Time since last request: 0.000411 seconds.
  path: Assets/Images/Capture-removebg-preview-removebg-preview.png
  artifactKey: Guid(7e1f85fcfcf05d04fad2177fde552ad1) Importer(815301076,1909f56bfc062723c751e8b465ee728b)
Start importing Assets/Images/Capture-removebg-preview-removebg-preview.png using Guid(7e1f85fcfcf05d04fad2177fde552ad1) Importer(815301076,1909f56bfc062723c751e8b465ee728b)  -> (artifact id: 'baf00b6caf6bb32ec5a052e079b35d73') in 0.056000 seconds 
  Import took 0.062777 seconds .

========================================================================
Received Import Request.
  Time since last request: 0.000387 seconds.
  path: Assets/Images/Rectangle 267.png
  artifactKey: Guid(f6add32b25deb654d91f210dcfa11a4a) Importer(815301076,1909f56bfc062723c751e8b465ee728b)
Start importing Assets/Images/Rectangle 267.png using Guid(f6add32b25deb654d91f210dcfa11a4a) Importer(815301076,1909f56bfc062723c751e8b465ee728b)  -> (artifact id: '969803b993d22f1270e4b27b14416816') in 0.045701 seconds 
  Import took 0.051132 seconds .

========================================================================
Received Import Request.
  Time since last request: 0.000267 seconds.
  path: Assets/Images/Pepperoni.png
  artifactKey: Guid(3f41968c4f7b7d24cb4f998cfe2e7914) Importer(815301076,1909f56bfc062723c751e8b465ee728b)
Start importing Assets/Images/Pepperoni.png using Guid(3f41968c4f7b7d24cb4f998cfe2e7914) Importer(815301076,1909f56bfc062723c751e8b465ee728b)  -> (artifact id: 'fce7a30108770cd5fdeb12038261f776') in 0.028391 seconds 
  Import took 0.031982 seconds .

========================================================================
Received Import Request.
  Time since last request: 36.753394 seconds.
  path: Assets/Scenes/Onboarding_Screen1.unity
  artifactKey: Guid(9cc7676559130d54697baf424d313f48) Importer(815301076,1909f56bfc062723c751e8b465ee728b)
Start importing Assets/Scenes/Onboarding_Screen1.unity using Guid(9cc7676559130d54697baf424d313f48) Importer(815301076,1909f56bfc062723c751e8b465ee728b)  -> (artifact id: 'fe299700e1cf531a0bbb7b13aece511f') in 0.008138 seconds 
  Import took 0.011349 seconds .

========================================================================
Received Import Request.
  Time since last request: 17.476537 seconds.
  path: Assets/Scenes/Montserrat-Medium.ttf
  artifactKey: Guid(5873e1cdf0a7103478e881f104c9474d) Importer(815301076,1909f56bfc062723c751e8b465ee728b)
Start importing Assets/Scenes/Montserrat-Medium.ttf using Guid(5873e1cdf0a7103478e881f104c9474d) Importer(815301076,1909f56bfc062723c751e8b465ee728b)  -> (artifact id: 'f019fec99c48a1c3fa89d9d385c534b1') in 0.030917 seconds 
  Import took 0.034467 seconds .

========================================================================
Received Import Request.
  Time since last request: 12.792262 seconds.
  path: Assets/Scenes/Montserrat-Medium SDF.asset
  artifactKey: Guid(98435b42a0dc89b489b5a2cad72cc305) Importer(815301076,1909f56bfc062723c751e8b465ee728b)
Start importing Assets/Scenes/Montserrat-Medium SDF.asset using Guid(98435b42a0dc89b489b5a2cad72cc305) Importer(815301076,1909f56bfc062723c751e8b465ee728b) UnassignedReferenceException: The variable material of TMP_FontAsset has not been assigned.
You probably need to assign the material variable of the TMP_FontAsset script in the inspector.
  at (wrapper managed-to-native) UnityEngine.Material.HasProperty(UnityEngine.Material,int)
  at TMPro.TMP_FontAsset.ReadFontAssetDefinition () [0x0008f] in C:\Users\Glenn\Documents\MCT_3\MixedReality\New Unity Project\Library\PackageCache\com.unity.textmeshpro@3.0.6\Scripts\Runtime\TMP_FontAsset.cs:588 
  at TMPro.TMP_FontAsset.OnValidate () [0x00010] in C:\Users\Glenn\Documents\MCT_3\MixedReality\New Unity Project\Library\PackageCache\com.unity.textmeshpro@3.0.6\Scripts\Runtime\TMP_FontAsset.cs:555 

(Filename: C:/Users/Glenn/Documents/MCT_3/MixedReality/New Unity Project/Library/PackageCache/com.unity.textmeshpro@3.0.6/Scripts/Runtime/TMP_FontAsset.cs Line: 588)

 -> (artifact id: '470b681b5fb1fb2554d78f5a79e53829') in 0.014155 seconds 
  Import took 0.017670 seconds .

========================================================================
Received Import Request.
  Time since last request: 64.877130 seconds.
  path: Assets/Scenes/Montserrat-Medium SDF.asset
  artifactKey: Guid(98435b42a0dc89b489b5a2cad72cc305) Importer(815301076,1909f56bfc062723c751e8b465ee728b)
Start importing Assets/Scenes/Montserrat-Medium SDF.asset using Guid(98435b42a0dc89b489b5a2cad72cc305) Importer(815301076,1909f56bfc062723c751e8b465ee728b)  -> (artifact id: '12dcc726e6091a2949ff1e6a45d99991') in 0.015767 seconds 
  Import took 0.019291 seconds .

========================================================================
Received Prepare
Registering precompiled user dll's ...
Registered in 0.002771 seconds.
Begin MonoManager ReloadAssembly
Native extension for WindowsStandalone target not found
Refreshing native plugins compatible for Editor in 0.46 ms, found 2 plugins.
Preloading 0 native plugins for Editor in 0.00 ms.
Mono: successfully reloaded assembly
- Completed reload, in  1.080 seconds
Domain Reload Profiling:
	ReloadAssembly (1080ms)
		BeginReloadAssembly (129ms)
			ExecutionOrderSort (0ms)
			DisableScriptedObjects (4ms)
			BackupInstance (0ms)
			ReleaseScriptingObjects (0ms)
			CreateAndSetChildDomain (45ms)
		EndReloadAssembly (887ms)
			LoadAssemblies (93ms)
			RebuildTransferFunctionScriptingTraits (0ms)
			SetupTypeCache (302ms)
			ReleaseScriptCaches (1ms)
			RebuildScriptCaches (39ms)
			SetupLoadedEditorAssemblies (319ms)
				LogAssemblyErrors (0ms)
				InitializePlatformSupportModulesInManaged (7ms)
				SetLoadedEditorAssemblies (1ms)
				RefreshPlugins (1ms)
				BeforeProcessingInitializeOnLoad (58ms)
				ProcessInitializeOnLoadAttributes (242ms)
				ProcessInitializeOnLoadMethodAttributes (4ms)
				AfterProcessingInitializeOnLoad (5ms)
				EditorAssembliesLoaded (0ms)
			ExecutionOrderSort2 (0ms)
			AwakeInstancesAfterBackupRestoration (7ms)
Platform modules already initialized, skipping
Switching build target platform(19) subTarget(0) extendedPlatform(0) -> platform(13) subTarget(589824) extendedPlatform(0)
Refreshing native plugins compatible for Editor in 0.35 ms, found 2 plugins.
Preloading 0 native plugins for Editor in 0.00 ms.
Unloading 1784 Unused Serialized files (Serialized files now loaded: 0)
System memory in use before: 82.0 MB.
System memory in use after: 82.1 MB.

Unloading 13 unused Assets to reduce memory usage. Loaded Objects now: 2289.
Total: 4.084900 ms (FindLiveObjects: 0.158300 ms CreateObjectMapping: 0.064700 ms MarkObjects: 3.808900 ms  DeleteObjects: 0.051800 ms)

AssetImportParameters requested are different than current active one (requested -> active):
  custom:framework-win-MediaFoundation: 216162199b28c13a410421893ffa2e32 -> 
  custom:video-decoder-ogg-theora: a1e56fd34408186e4bbccfd4996cb3dc -> 
  custom:container-muxer-webm: aa71ff27fc2769a1b78a27578f13a17b -> 
  custom:container-demuxer-webm: 4f35f7cbe854078d1ac9338744f61a02 -> 
  custom:container-demuxer-ogg: 62fdf1f143b41e24485cea50d1cbac27 -> 
  custom:video-encoder-webm-vp8: eb34c28f22e8b96e1ab97ce403110664 -> 
  custom:video-decoder-webm-vp8: 9c59270c3fd7afecdb556c50c9e8de78 -> 
  custom:graphics/normal-map-encoding: 01000000000000000000000000000000 -> 02000000000000000000000000000000
  custom:audio-decoder-ogg-vorbis: bf7c407c2cedff20999df2af8eb42d56 -> 
  custom:audio-encoder-webm-vorbis: bf7c407c2cedff20999df2af8eb42d56 -> 
========================================================================
Received Import Request.
  Time since last request: 49.322065 seconds.
  path: Assets/Scenes/Onboarding_Screen2.unity
  artifactKey: Guid(f7b0c720f414cf04cac454f7a93ef52d) Importer(815301076,1909f56bfc062723c751e8b465ee728b)
Start importing Assets/Scenes/Onboarding_Screen2.unity using Guid(f7b0c720f414cf04cac454f7a93ef52d) Importer(815301076,1909f56bfc062723c751e8b465ee728b)  -> (artifact id: '2594882bb5e2313aa10b9cbee58dcd71') in 0.018967 seconds 
  Import took 0.022094 seconds .

========================================================================
Received Import Request.
  Time since last request: 1.272311 seconds.
  path: Assets/Scenes/Onboarding_Screen1.unity
  artifactKey: Guid(9cc7676559130d54697baf424d313f48) Importer(815301076,1909f56bfc062723c751e8b465ee728b)
Start importing Assets/Scenes/Onboarding_Screen1.unity using Guid(9cc7676559130d54697baf424d313f48) Importer(815301076,1909f56bfc062723c751e8b465ee728b)  -> (artifact id: '9a0c5f106cd56ff6da1dc460433957bf') in 0.007984 seconds 
  Import took 0.012512 seconds .

========================================================================
Received Import Request.
  Time since last request: 31.222639 seconds.
  path: Assets/Scenes/Onboarding_Screen3.unity
  artifactKey: Guid(61d464693b22e9e4e9bc0a9bc6745307) Importer(815301076,1909f56bfc062723c751e8b465ee728b)
Start importing Assets/Scenes/Onboarding_Screen3.unity using Guid(61d464693b22e9e4e9bc0a9bc6745307) Importer(815301076,1909f56bfc062723c751e8b465ee728b)  -> (artifact id: 'a5bf7735fa414c0c5db0d5ac70a40cd3') in 0.008293 seconds 
  Import took 0.011602 seconds .

========================================================================
Received Import Request.
  Time since last request: 30.054495 seconds.
  path: Assets/Scenes/ARScreen.unity
  artifactKey: Guid(9fc0d4010bbf28b4594072e72b8655ab) Importer(815301076,1909f56bfc062723c751e8b465ee728b)
Start importing Assets/Scenes/ARScreen.unity using Guid(9fc0d4010bbf28b4594072e72b8655ab) Importer(815301076,1909f56bfc062723c751e8b465ee728b)  -> (artifact id: '1acec45d56f8e25e90d925512fbf82d7') in 0.012854 seconds 
  Import took 0.016007 seconds .

========================================================================
Received Import Request.
  Time since last request: 0.000836 seconds.
  path: Assets/Scenes/ARScreen.unity
  artifactKey: Guid(9fc0d4010bbf28b4594072e72b8655ab) Importer(815301076,1909f56bfc062723c751e8b465ee728b)
Start importing Assets/Scenes/ARScreen.unity using Guid(9fc0d4010bbf28b4594072e72b8655ab) Importer(815301076,1909f56bfc062723c751e8b465ee728b)  -> (artifact id: '1acec45d56f8e25e90d925512fbf82d7') in 0.008537 seconds 
  Import took 0.012608 seconds .

========================================================================
Received Import Request.
  Time since last request: 71.314371 seconds.
  path: Assets/Scenes/OrderPage.unity
  artifactKey: Guid(aefdbb99f91dd094992d36a44586639e) Importer(815301076,1909f56bfc062723c751e8b465ee728b)
Start importing Assets/Scenes/OrderPage.unity using Guid(aefdbb99f91dd094992d36a44586639e) Importer(815301076,1909f56bfc062723c751e8b465ee728b)  -> (artifact id: 'e25732e55e0218e4700d3069098a1235') in 0.011084 seconds 
  Import took 0.015085 seconds .

========================================================================
Received Import Request.
  Time since last request: 1105.220704 seconds.
  path: Assets/Scripts
  artifactKey: Guid(6db3f416997a51c41b1870e0d224312b) Importer(815301076,1909f56bfc062723c751e8b465ee728b)
Start importing Assets/Scripts using Guid(6db3f416997a51c41b1870e0d224312b) Importer(815301076,1909f56bfc062723c751e8b465ee728b)  -> (artifact id: 'b41bd70283f9e3bb3db5d09f0ccd604b') in 0.011650 seconds 
  Import took 0.016510 seconds .

========================================================================
Received Import Request.
  Time since last request: 0.000916 seconds.
  path: Assets/Scripts
  artifactKey: Guid(6db3f416997a51c41b1870e0d224312b) Importer(815301076,1909f56bfc062723c751e8b465ee728b)
Start importing Assets/Scripts using Guid(6db3f416997a51c41b1870e0d224312b) Importer(815301076,1909f56bfc062723c751e8b465ee728b)  -> (artifact id: 'b41bd70283f9e3bb3db5d09f0ccd604b') in 0.007611 seconds 
  Import took 0.010934 seconds .

========================================================================
Received Import Request.
  Time since last request: 0.053202 seconds.
  path: Assets/Scripts/ReferenceImageLibrary.asset
  artifactKey: Guid(f876b5bfa1ce2ae4b920611a321dbe2d) Importer(815301076,1909f56bfc062723c751e8b465ee728b)
Start importing Assets/Scripts/ReferenceImageLibrary.asset using Guid(f876b5bfa1ce2ae4b920611a321dbe2d) Importer(815301076,1909f56bfc062723c751e8b465ee728b)  -> (artifact id: '01b4a337f8e2e183d014c10c8b1813b9') in 0.020091 seconds 
  Import took 0.023546 seconds .

========================================================================
Received Import Request.
  Time since last request: 2.877519 seconds.
  path: Assets/Scenes/OrderPage.unity
  artifactKey: Guid(aefdbb99f91dd094992d36a44586639e) Importer(815301076,1909f56bfc062723c751e8b465ee728b)
Start importing Assets/Scenes/OrderPage.unity using Guid(aefdbb99f91dd094992d36a44586639e) Importer(815301076,1909f56bfc062723c751e8b465ee728b)  -> (artifact id: '7bb5f757268b886c6127010515c76fc0') in 0.008338 seconds 
  Import took 0.012185 seconds .

========================================================================
Received Import Request.
  Time since last request: 25.098269 seconds.
  path: Assets/Scenes/OrderedPage.unity
  artifactKey: Guid(15e4214c6b5392e4197ddef86338c4e9) Importer(815301076,1909f56bfc062723c751e8b465ee728b)
Start importing Assets/Scenes/OrderedPage.unity using Guid(15e4214c6b5392e4197ddef86338c4e9) Importer(815301076,1909f56bfc062723c751e8b465ee728b)  -> (artifact id: '0302f0ac38e718b466e84094f8c4b1a8') in 0.009446 seconds 
  Import took 0.012820 seconds .

========================================================================
Received Import Request.
  Time since last request: 52.115918 seconds.
  path: Assets/Scenes/OrderedPage.unity
  artifactKey: Guid(15e4214c6b5392e4197ddef86338c4e9) Importer(815301076,1909f56bfc062723c751e8b465ee728b)
Start importing Assets/Scenes/OrderedPage.unity using Guid(15e4214c6b5392e4197ddef86338c4e9) Importer(815301076,1909f56bfc062723c751e8b465ee728b)  -> (artifact id: '8919d334f82c3a25ec97899a6822e25f') in 0.008550 seconds 
  Import took 0.013882 seconds .

========================================================================
Received Import Request.
  Time since last request: 13.846086 seconds.
  path: Assets/Scenes/OrderedPage.unity
  artifactKey: Guid(15e4214c6b5392e4197ddef86338c4e9) Importer(815301076,1909f56bfc062723c751e8b465ee728b)
Start importing Assets/Scenes/OrderedPage.unity using Guid(15e4214c6b5392e4197ddef86338c4e9) Importer(815301076,1909f56bfc062723c751e8b465ee728b)  -> (artifact id: '8ec64a6c91f079882f30487308dcd71f') in 0.007876 seconds 
  Import took 0.010798 seconds .

========================================================================
Received Import Request.
  Time since last request: 12.610081 seconds.
  path: Assets/Scenes/OrderedPage.unity
  artifactKey: Guid(15e4214c6b5392e4197ddef86338c4e9) Importer(815301076,1909f56bfc062723c751e8b465ee728b)
Start importing Assets/Scenes/OrderedPage.unity using Guid(15e4214c6b5392e4197ddef86338c4e9) Importer(815301076,1909f56bfc062723c751e8b465ee728b)  -> (artifact id: '3959a24e3eeaa628fb6439b36a0c6a91') in 0.007177 seconds 
  Import took 0.009719 seconds .

========================================================================
Received Import Request.
  Time since last request: 26.271592 seconds.
  path: Assets/Scenes/OrderedPage.unity
  artifactKey: Guid(15e4214c6b5392e4197ddef86338c4e9) Importer(815301076,1909f56bfc062723c751e8b465ee728b)
Start importing Assets/Scenes/OrderedPage.unity using Guid(15e4214c6b5392e4197ddef86338c4e9) Importer(815301076,1909f56bfc062723c751e8b465ee728b)  -> (artifact id: 'ae2392814293cb5d1a8a6e0a3f339160') in 0.007811 seconds 
  Import took 0.013788 seconds .

========================================================================
Received Prepare
Refreshing native plugins compatible for Editor in 7.42 ms, found 2 plugins.
Preloading 0 native plugins for Editor in 0.00 ms.
Unloading 10 Unused Serialized files (Serialized files now loaded: 0)
System memory in use before: 46.5 MB.
System memory in use after: 46.7 MB.

Unloading 9 unused Assets to reduce memory usage. Loaded Objects now: 2290.
Total: 4.814200 ms (FindLiveObjects: 0.199100 ms CreateObjectMapping: 0.075200 ms MarkObjects: 4.498100 ms  DeleteObjects: 0.040600 ms)

AssetImportParameters requested are different than current active one (requested -> active):
  custom:framework-win-MediaFoundation: 216162199b28c13a410421893ffa2e32 -> 
  custom:video-decoder-ogg-theora: a1e56fd34408186e4bbccfd4996cb3dc -> 
  custom:container-muxer-webm: aa71ff27fc2769a1b78a27578f13a17b -> 
  custom:container-demuxer-webm: 4f35f7cbe854078d1ac9338744f61a02 -> 
  custom:container-demuxer-ogg: 62fdf1f143b41e24485cea50d1cbac27 -> 
  custom:video-encoder-webm-vp8: eb34c28f22e8b96e1ab97ce403110664 -> 
  custom:video-decoder-webm-vp8: 9c59270c3fd7afecdb556c50c9e8de78 -> 
  custom:audio-decoder-ogg-vorbis: bf7c407c2cedff20999df2af8eb42d56 -> 
  custom:audio-encoder-webm-vorbis: bf7c407c2cedff20999df2af8eb42d56 -> 
========================================================================
Received Prepare
Refreshing native plugins compatible for Editor in 6.24 ms, found 2 plugins.
Preloading 0 native plugins for Editor in 0.00 ms.
Unloading 9 Unused Serialized files (Serialized files now loaded: 0)
System memory in use before: 46.4 MB.
System memory in use after: 46.6 MB.

Unloading 9 unused Assets to reduce memory usage. Loaded Objects now: 2290.
Total: 5.240700 ms (FindLiveObjects: 0.216500 ms CreateObjectMapping: 0.064800 ms MarkObjects: 4.919700 ms  DeleteObjects: 0.038000 ms)

AssetImportParameters requested are different than current active one (requested -> active):
  custom:framework-win-MediaFoundation: 216162199b28c13a410421893ffa2e32 -> 
  custom:video-decoder-ogg-theora: a1e56fd34408186e4bbccfd4996cb3dc -> 
  custom:container-muxer-webm: aa71ff27fc2769a1b78a27578f13a17b -> 
  custom:container-demuxer-webm: 4f35f7cbe854078d1ac9338744f61a02 -> 
  custom:container-demuxer-ogg: 62fdf1f143b41e24485cea50d1cbac27 -> 
  custom:video-encoder-webm-vp8: eb34c28f22e8b96e1ab97ce403110664 -> 
  custom:video-decoder-webm-vp8: 9c59270c3fd7afecdb556c50c9e8de78 -> 
  custom:audio-decoder-ogg-vorbis: bf7c407c2cedff20999df2af8eb42d56 -> 
  custom:audio-encoder-webm-vorbis: bf7c407c2cedff20999df2af8eb42d56 -> 
========================================================================
Received Prepare
Refreshing native plugins compatible for Editor in 3.24 ms, found 2 plugins.
Preloading 0 native plugins for Editor in 0.00 ms.
Unloading 9 Unused Serialized files (Serialized files now loaded: 0)
System memory in use before: 46.4 MB.
System memory in use after: 46.6 MB.

Unloading 9 unused Assets to reduce memory usage. Loaded Objects now: 2290.
Total: 4.563100 ms (FindLiveObjects: 0.305200 ms CreateObjectMapping: 0.102400 ms MarkObjects: 4.134100 ms  DeleteObjects: 0.019800 ms)

AssetImportParameters requested are different than current active one (requested -> active):
  custom:framework-win-MediaFoundation: 216162199b28c13a410421893ffa2e32 -> 
  custom:video-decoder-ogg-theora: a1e56fd34408186e4bbccfd4996cb3dc -> 
  custom:container-muxer-webm: aa71ff27fc2769a1b78a27578f13a17b -> 
  custom:container-demuxer-webm: 4f35f7cbe854078d1ac9338744f61a02 -> 
  custom:container-demuxer-ogg: 62fdf1f143b41e24485cea50d1cbac27 -> 
  custom:video-encoder-webm-vp8: eb34c28f22e8b96e1ab97ce403110664 -> 
  custom:video-decoder-webm-vp8: 9c59270c3fd7afecdb556c50c9e8de78 -> 
  custom:audio-decoder-ogg-vorbis: bf7c407c2cedff20999df2af8eb42d56 -> 
  custom:audio-encoder-webm-vorbis: bf7c407c2cedff20999df2af8eb42d56 -> 
========================================================================
Received Prepare
Refreshing native plugins compatible for Editor in 3.74 ms, found 2 plugins.
Preloading 0 native plugins for Editor in 0.00 ms.
Unloading 9 Unused Serialized files (Serialized files now loaded: 0)
System memory in use before: 46.4 MB.
System memory in use after: 46.6 MB.

Unloading 9 unused Assets to reduce memory usage. Loaded Objects now: 2290.
Total: 4.786900 ms (FindLiveObjects: 0.245100 ms CreateObjectMapping: 0.087600 ms MarkObjects: 4.400100 ms  DeleteObjects: 0.039200 ms)

AssetImportParameters requested are different than current active one (requested -> active):
  custom:framework-win-MediaFoundation: 216162199b28c13a410421893ffa2e32 -> 
  custom:video-decoder-ogg-theora: a1e56fd34408186e4bbccfd4996cb3dc -> 
  custom:container-muxer-webm: aa71ff27fc2769a1b78a27578f13a17b -> 
  custom:container-demuxer-webm: 4f35f7cbe854078d1ac9338744f61a02 -> 
  custom:container-demuxer-ogg: 62fdf1f143b41e24485cea50d1cbac27 -> 
  custom:video-encoder-webm-vp8: eb34c28f22e8b96e1ab97ce403110664 -> 
  custom:video-decoder-webm-vp8: 9c59270c3fd7afecdb556c50c9e8de78 -> 
  custom:audio-decoder-ogg-vorbis: bf7c407c2cedff20999df2af8eb42d56 -> 
  custom:audio-encoder-webm-vorbis: bf7c407c2cedff20999df2af8eb42d56 -> 
========================================================================
Received Prepare
Refreshing native plugins compatible for Editor in 3.23 ms, found 2 plugins.
Preloading 0 native plugins for Editor in 0.00 ms.
Unloading 9 Unused Serialized files (Serialized files now loaded: 0)
System memory in use before: 46.4 MB.
System memory in use after: 46.6 MB.

Unloading 9 unused Assets to reduce memory usage. Loaded Objects now: 2290.
Total: 3.554600 ms (FindLiveObjects: 0.193500 ms CreateObjectMapping: 0.071700 ms MarkObjects: 3.259500 ms  DeleteObjects: 0.028900 ms)

AssetImportParameters requested are different than current active one (requested -> active):
  custom:framework-win-MediaFoundation: 216162199b28c13a410421893ffa2e32 -> 
  custom:video-decoder-ogg-theora: a1e56fd34408186e4bbccfd4996cb3dc -> 
  custom:container-muxer-webm: aa71ff27fc2769a1b78a27578f13a17b -> 
  custom:container-demuxer-webm: 4f35f7cbe854078d1ac9338744f61a02 -> 
  custom:container-demuxer-ogg: 62fdf1f143b41e24485cea50d1cbac27 -> 
  custom:video-encoder-webm-vp8: eb34c28f22e8b96e1ab97ce403110664 -> 
  custom:video-decoder-webm-vp8: 9c59270c3fd7afecdb556c50c9e8de78 -> 
  custom:audio-decoder-ogg-vorbis: bf7c407c2cedff20999df2af8eb42d56 -> 
  custom:audio-encoder-webm-vorbis: bf7c407c2cedff20999df2af8eb42d56 -> 
========================================================================
Received Import Request.
  Time since last request: 1555.907735 seconds.
  path: Assets/Fonts/Roboto-Regular SDF.asset
  artifactKey: Guid(f19816bd809f35d41ac837a80f8c87ce) Importer(815301076,1909f56bfc062723c751e8b465ee728b)
Start importing Assets/Fonts/Roboto-Regular SDF.asset using Guid(f19816bd809f35d41ac837a80f8c87ce) Importer(815301076,1909f56bfc062723c751e8b465ee728b)  -> (artifact id: '201f08de9e99dbde7d5f836d64218884') in 0.120950 seconds 
  Import took 0.125583 seconds .

========================================================================
Received Import Request.
  Time since last request: 2.063636 seconds.
  path: Assets/XR/XRGeneralSettings.asset
  artifactKey: Guid(6a2beb065aa145f4e985b021cff446e7) Importer(815301076,1909f56bfc062723c751e8b465ee728b)
Start importing Assets/XR/XRGeneralSettings.asset using Guid(6a2beb065aa145f4e985b021cff446e7) Importer(815301076,1909f56bfc062723c751e8b465ee728b)  -> (artifact id: '49064ad0c803432f1830f7b1c2bccfd0') in 0.024359 seconds 
  Import took 0.028875 seconds .

========================================================================
Received Import Request.
  Time since last request: 0.002328 seconds.
  path: Assets/XR/XRGeneralSettings.asset
  artifactKey: Guid(6a2beb065aa145f4e985b021cff446e7) Importer(815301076,1909f56bfc062723c751e8b465ee728b)
Start importing Assets/XR/XRGeneralSettings.asset using Guid(6a2beb065aa145f4e985b021cff446e7) Importer(815301076,1909f56bfc062723c751e8b465ee728b)  -> (artifact id: '49064ad0c803432f1830f7b1c2bccfd0') in 0.008585 seconds 
  Import took 0.012562 seconds .

========================================================================
Received Import Request.
  Time since last request: 3.365743 seconds.
  path: Assets/XR/Settings
  artifactKey: Guid(cb9e72dc7e6a55549be95f0987a65512) Importer(815301076,1909f56bfc062723c751e8b465ee728b)
Start importing Assets/XR/Settings using Guid(cb9e72dc7e6a55549be95f0987a65512) Importer(815301076,1909f56bfc062723c751e8b465ee728b)  -> (artifact id: '19118f3afe34ec488faa4fcc7207832f') in 0.015964 seconds 
  Import took 0.019499 seconds .

========================================================================
Received Import Request.
  Time since last request: 0.001188 seconds.
  path: Assets/XR/Settings
  artifactKey: Guid(cb9e72dc7e6a55549be95f0987a65512) Importer(815301076,1909f56bfc062723c751e8b465ee728b)
Start importing Assets/XR/Settings using Guid(cb9e72dc7e6a55549be95f0987a65512) Importer(815301076,1909f56bfc062723c751e8b465ee728b)  -> (artifact id: '19118f3afe34ec488faa4fcc7207832f') in 0.008870 seconds 
  Import took 0.014143 seconds .

========================================================================
Received Import Request.
  Time since last request: 0.420801 seconds.
  path: Assets/XR/Settings/AR Core Settings.asset
  artifactKey: Guid(cc8b105edbd7d6b4eaa2924c38fbeaeb) Importer(815301076,1909f56bfc062723c751e8b465ee728b)
Start importing Assets/XR/Settings/AR Core Settings.asset using Guid(cc8b105edbd7d6b4eaa2924c38fbeaeb) Importer(815301076,1909f56bfc062723c751e8b465ee728b)  -> (artifact id: 'f8e3c31fc71f34ad815ae4a6602e12f9') in 0.015121 seconds 
  Import took 0.018184 seconds .

========================================================================
Received Import Request.
  Time since last request: 139.133812 seconds.
  path: Assets/Pizzas/Barbecue.prefab
  artifactKey: Guid(3857b9fadf5586d43b8c7251736b9136) Importer(815301076,1909f56bfc062723c751e8b465ee728b)
Start importing Assets/Pizzas/Barbecue.prefab using Guid(3857b9fadf5586d43b8c7251736b9136) Importer(815301076,1909f56bfc062723c751e8b465ee728b)  -> (artifact id: 'da26ff8d76dc1f417d7cad563647aca1') in 0.073021 seconds 
  Import took 0.077984 seconds .

========================================================================
Received Import Request.
  Time since last request: 0.000339 seconds.
  path: Assets/Pizzas/Pepperoni.prefab
  artifactKey: Guid(3ecc5e1985503684cb08b47d5854df94) Importer(815301076,1909f56bfc062723c751e8b465ee728b)
Start importing Assets/Pizzas/Pepperoni.prefab using Guid(3ecc5e1985503684cb08b47d5854df94) Importer(815301076,1909f56bfc062723c751e8b465ee728b)  -> (artifact id: '6a8d872dea5d5538d9100db1cd10ae42') in 0.038648 seconds 
  Import took 0.041983 seconds .

========================================================================
Received Import Request.
  Time since last request: 0.000295 seconds.
  path: Assets/Pizzas/Forestiere.fbx
  artifactKey: Guid(51e5f09dfa923c54ab78c16d6425c878) Importer(815301076,1909f56bfc062723c751e8b465ee728b)
Start importing Assets/Pizzas/Forestiere.fbx using Guid(51e5f09dfa923c54ab78c16d6425c878) Importer(815301076,1909f56bfc062723c751e8b465ee728b)  -> (artifact id: '102128af5a4709f7bf2c7adcfc7d809f') in 0.136842 seconds 
  Import took 0.139805 seconds .

========================================================================
Received Import Request.
  Time since last request: 0.000233 seconds.
  path: Assets/Pizzas/Margherita.prefab
  artifactKey: Guid(6d8d5797f99986143866babf068f4f12) Importer(815301076,1909f56bfc062723c751e8b465ee728b)
Start importing Assets/Pizzas/Margherita.prefab using Guid(6d8d5797f99986143866babf068f4f12) Importer(815301076,1909f56bfc062723c751e8b465ee728b)  -> (artifact id: 'd10fad66e03ee27987158c442848f9c0') in 0.047240 seconds 
  Import took 0.050880 seconds .

========================================================================
Received Import Request.
  Time since last request: 0.000255 seconds.
  path: Assets/Pizzas/Forestiere.prefab
  artifactKey: Guid(c59ee4463d151b540a158597340d3dfd) Importer(815301076,1909f56bfc062723c751e8b465ee728b)
Start importing Assets/Pizzas/Forestiere.prefab using Guid(c59ee4463d151b540a158597340d3dfd) Importer(815301076,1909f56bfc062723c751e8b465ee728b)  -> (artifact id: '22e913c8aa205ab3b187971870d893cf') in 0.025903 seconds 
  Import took 0.031007 seconds .

========================================================================
Received Import Request.
  Time since last request: 0.000267 seconds.
  path: Assets/Pizzas/Hawai.prefab
  artifactKey: Guid(6a8496504eb98a046926bed844ca894e) Importer(815301076,1909f56bfc062723c751e8b465ee728b)
Start importing Assets/Pizzas/Hawai.prefab using Guid(6a8496504eb98a046926bed844ca894e) Importer(815301076,1909f56bfc062723c751e8b465ee728b)  -> (artifact id: 'f28853f3d4f72bc7f8ab07624988718a') in 0.032767 seconds 
  Import took 0.036182 seconds .

========================================================================
Received Import Request.
  Time since last request: 0.000250 seconds.
  path: Assets/Pizzas/Cheese & Ham.prefab
  artifactKey: Guid(266cf81c96bc3d94a8b33809a7234532) Importer(815301076,1909f56bfc062723c751e8b465ee728b)
Start importing Assets/Pizzas/Cheese & Ham.prefab using Guid(266cf81c96bc3d94a8b33809a7234532) Importer(815301076,1909f56bfc062723c751e8b465ee728b)  -> (artifact id: '2a545b5ba17ddceca536b86a6416d51d') in 0.031984 seconds 
  Import took 0.035073 seconds .

========================================================================
Received Import Request.
  Time since last request: 2.395859 seconds.
  path: Assets/Scenes/ARScreen.unity
  artifactKey: Guid(9fc0d4010bbf28b4594072e72b8655ab) Importer(815301076,1909f56bfc062723c751e8b465ee728b)
Start importing Assets/Scenes/ARScreen.unity using Guid(9fc0d4010bbf28b4594072e72b8655ab) Importer(815301076,1909f56bfc062723c751e8b465ee728b)  -> (artifact id: 'b8cccbe69e1f95a6350030b5299360d9') in 0.017471 seconds 
  Import took 0.021012 seconds .

========================================================================
Received Prepare
Refreshing native plugins compatible for Editor in 2.43 ms, found 2 plugins.
Preloading 0 native plugins for Editor in 0.00 ms.
Unloading 9 Unused Serialized files (Serialized files now loaded: 0)
System memory in use before: 47.2 MB.
System memory in use after: 47.4 MB.

Unloading 9 unused Assets to reduce memory usage. Loaded Objects now: 2292.
Total: 5.436600 ms (FindLiveObjects: 0.187800 ms CreateObjectMapping: 0.067500 ms MarkObjects: 5.159400 ms  DeleteObjects: 0.020400 ms)

AssetImportParameters requested are different than current active one (requested -> active):
  custom:framework-win-MediaFoundation: 216162199b28c13a410421893ffa2e32 -> 
  custom:video-decoder-ogg-theora: a1e56fd34408186e4bbccfd4996cb3dc -> 
  custom:container-muxer-webm: aa71ff27fc2769a1b78a27578f13a17b -> 
  custom:container-demuxer-webm: 4f35f7cbe854078d1ac9338744f61a02 -> 
  custom:container-demuxer-ogg: 62fdf1f143b41e24485cea50d1cbac27 -> 
  custom:video-encoder-webm-vp8: eb34c28f22e8b96e1ab97ce403110664 -> 
  custom:video-decoder-webm-vp8: 9c59270c3fd7afecdb556c50c9e8de78 -> 
  custom:audio-decoder-ogg-vorbis: bf7c407c2cedff20999df2af8eb42d56 -> 
  custom:audio-encoder-webm-vorbis: bf7c407c2cedff20999df2af8eb42d56 -> 
AssetImportWorkerClient::OnTransportError - code=2 error=End of file
